<?xml version="1.0" encoding="UTF-8"?>
<testng-results ignored="0" total="3" passed="3" failed="0" skipped="0">
  <reporter-output>
  </reporter-output>
  <suite started-at="2023-05-16T00:05:27 IST" name="Suite" finished-at="2023-05-16T00:05:52 IST" duration-ms="24852">
    <groups>
    </groups>
    <test started-at="2023-05-16T00:05:27 IST" name="TC_Registrationform" finished-at="2023-05-16T00:05:52 IST" duration-ms="24852">
      <class name="com.qa.test.TC_Registrationform">
        <test-method is-config="true" signature="setUp()[pri:0, instance:com.qa.test.TC_Registrationform@6aeb35e6]" started-at="2023-05-16T00:05:27 IST" name="setUp" finished-at="2023-05-16T00:05:31 IST" duration-ms="4374" status="PASS">
          <reporter-output>
          </reporter-output>
        </test-method> <!-- setUp -->
        <test-method signature="registationForm(java.lang.String,java.lang.String,java.lang.String,java.lang.String)[pri:0, instance:com.qa.test.TC_Registrationform@6aeb35e6]" started-at="2023-05-16T00:05:32 IST" name="registationForm" data-provider="passDataToExcel" finished-at="2023-05-16T00:05:42 IST" duration-ms="9470" status="PASS">
          <params>
            <param index="0">
              <value>
                <![CDATA[John]]>
              </value>
            </param>
            <param index="1">
              <value>
                <![CDATA[Peter]]>
              </value>
            </param>
            <param index="2">
              <value>
                <![CDATA[test1@abc.com]]>
              </value>
            </param>
            <param index="3">
              <value>
                <![CDATA[5468282727]]>
              </value>
            </param>
          </params>
          <reporter-output>
          </reporter-output>
        </test-method> <!-- registationForm -->
        <test-method signature="registationForm(java.lang.String,java.lang.String,java.lang.String,java.lang.String)[pri:0, instance:com.qa.test.TC_Registrationform@6aeb35e6]" started-at="2023-05-16T00:05:42 IST" name="registationForm" data-provider="passDataToExcel" finished-at="2023-05-16T00:05:51 IST" duration-ms="9623" status="PASS">
          <params>
            <param index="0">
              <value>
                <![CDATA[Sam]]>
              </value>
            </param>
            <param index="1">
              <value>
                <![CDATA[Son]]>
              </value>
            </param>
            <param index="2">
              <value>
                <![CDATA[test2@abc.com]]>
              </value>
            </param>
            <param index="3">
              <value>
                <![CDATA[5468282727]]>
              </value>
            </param>
          </params>
          <reporter-output>
          </reporter-output>
        </test-method> <!-- registationForm -->
        <test-method signature="titleOfPage()[pri:0, instance:com.qa.test.TC_Registrationform@6aeb35e6]" started-at="2023-05-16T00:05:51 IST" name="titleOfPage" finished-at="2023-05-16T00:05:51 IST" duration-ms="214" status="PASS">
          <reporter-output>
          </reporter-output>
        </test-method> <!-- titleOfPage -->
        <test-method is-config="true" signature="closeBrowser()[pri:0, instance:com.qa.test.TC_Registrationform@6aeb35e6]" started-at="2023-05-16T00:05:51 IST" name="closeBrowser" finished-at="2023-05-16T00:05:52 IST" duration-ms="208" status="PASS">
          <reporter-output>
          </reporter-output>
        </test-method> <!-- closeBrowser -->
      </class> <!-- com.qa.test.TC_Registrationform -->
    </test> <!-- TC_Registrationform -->
  </suite> <!-- Suite -->
</testng-results>
