<?xml version="1.0" encoding="UTF-8"?>
<!-- Generated by org.testng.reporters.JUnitXMLReporter -->
<testsuite ignored="0" hostname="DESKTOP-S1MQ5B3" failures="0" tests="3" name="Default test" time="25.543" errors="0" timestamp="2023-05-12T23:48:46 IST">
  <testcase classname="com.qa.test.TC_Registrationform" name="registationForm" time="8.543"/>
  <testcase classname="com.qa.test.TC_Registrationform" name="registationForm" time="7.909"/>
  <testcase classname="com.qa.test.TC_Registrationform" name="titleOfPage" time="0.288"/>
</testsuite> <!-- Default test -->
