<?xml version="1.0" encoding="UTF-8"?>
<!-- Generated by org.testng.reporters.JUnitXMLReporter -->
<testsuite ignored="0" hostname="DESKTOP-S1MQ5B3" failures="0" tests="3" name="TC_Registrationform" time="24.852" errors="0" timestamp="2023-05-16T00:05:52 IST">
  <testcase classname="com.qa.test.TC_Registrationform" name="registationForm" time="9.47"/>
  <testcase classname="com.qa.test.TC_Registrationform" name="registationForm" time="9.623"/>
  <testcase classname="com.qa.test.TC_Registrationform" name="titleOfPage" time="0.214"/>
</testsuite> <!-- TC_Registrationform -->
